2024-03-08 21:34 - ANON - L3 - Relative path traversal attack.
2024-03-08 21:52 - ANON - L3 - Connexion ‡ la base de donnÈes impossible. / SQLSTATE[HY000] [2002] php_network_getaddresses: getaddrinfo for database.server failed: HÙte inconnu. / ::1
2024-03-08 22:05 - ANON - L3 - Connexion ‡ la base de donnÈes impossible. / SQLSTATE[HY000] [2002] php_network_getaddresses: getaddrinfo for database.server failed: HÙte inconnu. / ::1
2024-03-08 22:05 - ANON - L2 - Une erreur s'est produite lors de la cr√©ation de ce compte. Veuillez r√©essayer ou contacter l'animation.
2024-03-09 03:17 - ANON - L2 - Une erreur s'est produite lors de la cr√©ation de ce compte. Veuillez r√©essayer ou contacter l'animation.
2024-03-09 03:31 - ANON - L2 - Une erreur s'est produite lors de la cr√©ation de ce compte. Veuillez r√©essayer ou contacter l'animation.
2024-03-09 03:32 - ANON - L2 - Une erreur s'est produite lors de la cr√©ation de ce compte. Veuillez r√©essayer ou contacter l'animation.
2024-03-09 03:33 - ANON - L2 - Une erreur s'est produite lors de la cr√©ation de ce compte. Veuillez r√©essayer ou contacter l'animation.
2024-03-09 03:34 - ANON - L2 - Une erreur s'est produite lors de la cr√©ation de ce compte. Veuillez r√©essayer ou contacter l'animation.
2024-03-09 03:36 - ANON - L2 - Une erreur s'est produite lors de la cr√©ation de ce compte. Veuillez r√©essayer ou contacter l'animation.
2024-03-09 03:45 - ANON - L2 - Une erreur s'est produite lors de la cr√©ation de ce compte. Veuillez r√©essayer ou contacter l'animation.
2024-03-09 04:01 - ANON - L2 - Cette adresse courriel est d√©j√† associ√©e √† un compte.
2024-03-09 04:02 - ANON - L2 - Cette adresse courriel est d√©j√† associ√©e √† un compte.
2024-03-09 04:49 - ANON - L2 - Cette adresse courriel est d√©j√† associ√©e √† un compte.
2024-03-09 04:52 - ANON - L2 - Cette adresse courriel est d√©j√† associ√©e √† un compte.
2024-03-09 04:53 - ANON - L2 - Cette adresse courriel est d√©j√† associ√©e √† un compte.
2024-03-09 04:56 - ANON - L2 - Cette adresse courriel est d√©j√† associ√©e √† un compte.
2024-03-09 04:58 - ANON - L2 - Cette adresse courriel est d√©j√† associ√©e √† un compte.
2024-03-09 05:02 - ANON - L2 - Cette adresse courriel est d√©j√† associ√©e √† un compte.
2024-03-09 05:12 - ANON - L2 - Cette adresse courriel est d√©j√† associ√©e √† un compte.
2024-03-09 05:12 - ANON - L2 - Cette adresse courriel est d√©j√† associ√©e √† un compte.
2024-03-09 05:22 - ANON - L2 - Cette adresse courriel est d√©j√† associ√©e √† un compte.
2024-03-09 05:23 - ANON - L2 - Cette adresse courriel est d√©j√† associ√©e √† un compte.
2024-03-09 05:27 - ANON - L2 - Cette adresse courriel est d√©j√† associ√©e √† un compte.
2024-03-09 05:27 - ANON - L1 - Votre compte a √©t√© cr√©√© avec succ√®s. Un courriel d'activation vous a √©t√© envoy√©.
2024-03-09 00:31 - ANON - L2 - Cette adresse courriel est d√©j√† associ√©e √† un compte.
2024-03-09 00:32 - ANON - L1 - Votre compte a √©t√© cr√©√© avec succ√®s. Un courriel d'activation vous a √©t√© envoy√©.
2024-03-09 00:37 - ANON - L2 - Cette adresse courriel est d√©j√† associ√©e √† un compte.
2024-03-09 00:38 - ANON - L2 - Cette adresse courriel est d√©j√† associ√©e √† un compte.
2024-03-09 00:38 - ANON - L1 - Votre compte a √©t√© cr√©√© avec succ√®s. Un courriel d'activation vous a √©t√© envoy√©.
